<?xml version="1.0" encoding="UTF-8"?>
<!-- Generated by org.testng.reporters.JUnitXMLReporter -->
<testsuite hostname="Prabeshs-MacBook-Air.local" ignored="0" name="ZOHO CRM App Test Cases" tests="9" failures="2" timestamp="23 Feb 2018 03:32:03 GMT" time="211.414" errors="0">
  <testcase name="verifyTitlePageTest" time="0.072" classname="com.zoho.qa.testcases.LoginPageTest"/>
  <testcase name="verifyHomePageTitleTest" time="14.007" classname="com.zoho.qa.testcases.HomePageTest"/>
  <testcase name="verifyLeadsPageTitleTest" time="0.013" classname="com.zoho.qa.testcases.LeadsPageTest"/>
  <testcase name="validateLogoTest" time="0.062" classname="com.zoho.qa.testcases.LoginPageTest"/>
  <testcase name="verifyUserNameTest" time="12.862" classname="com.zoho.qa.testcases.HomePageTest"/>
  <testcase name="selectSingleLeadNameTest" time="32.073" classname="com.zoho.qa.testcases.LeadsPageTest">
    <failure type="org.openqa.selenium.NoSuchElementException" message="no such element: Unable to locate element: {&amp;quot;method&amp;quot;:&amp;quot;xpath&amp;quot;,&amp;quot;selector&amp;quot;:&amp;quot;a[contains(text(),&amp;apos;Satya Nayak&amp;apos;)]//parent::td[@class=&amp;apos;mW100 scrollColun lv_data_textfield&amp;apos;]//preceding-sibling::td[@class=&amp;apos;lvCB fixedColumnLV LVSecondCol&amp;apos;]//label//span[@class=&amp;apos;customCheckBox&amp;apos;]&amp;quot;}
  (Session info: chrome=64.0.3282.167)
  (Driver info: chromedriver=2.35.528157 (4429ca2590d6988c0745c24c8858745aaaec01ef),platform=Mac OS X 10.13.3 x86_64) (WARNING: The server did not provide any stacktrace information)
Command duration or timeout: 0 milliseconds
For documentation on this error, please visit: http://seleniumhq.org/exceptions/no_such_element.html
Build info: version: &amp;apos;3.5.3&amp;apos;, revision: &amp;apos;a88d25fe6b&amp;apos;, time: &amp;apos;2017-08-29T12:42:44.417Z&amp;apos;
System info: host: &amp;apos;Prabeshs-MacBook-Air.local&amp;apos;, ip: &amp;apos;fe80:0:0:0:476:4b46:bd51:28ba%en0&amp;apos;, os.name: &amp;apos;Mac OS X&amp;apos;, os.arch: &amp;apos;x86_64&amp;apos;, os.version: &amp;apos;10.13.3&amp;apos;, java.version: &amp;apos;1.8.0_144&amp;apos;
Driver info: org.openqa.selenium.chrome.ChromeDriver
Capabilities [{mobileEmulationEnabled=false, hasTouchScreen=false, platform=MAC, acceptSslCerts=false, acceptInsecureCerts=false, webStorageEnabled=true, browserName=chrome, takesScreenshot=true, javascriptEnabled=true, platformName=MAC, setWindowRect=true, unexpectedAlertBehaviour=, applicationCacheEnabled=false, rotatable=false, networkConnectionEnabled=false, chrome={chromedriverVersion=2.35.528157 (4429ca2590d6988c0745c24c8858745aaaec01ef), userDataDir=/var/folders/ts/rxtkbq514d73zd8w1hpkp8cm0000gn/T/.org.chromium.Chromium.oGNQrW}, takesHeapSnapshot=true, pageLoadStrategy=normal, unhandledPromptBehavior=, databaseEnabled=false, handlesAlerts=true, version=64.0.3282.167, browserConnectionEnabled=false, nativeEvents=true, locationContextEnabled=true, cssSelectorsEnabled=true}]
Session ID: 922174c1967e034cf9ae5ee7665bbd46
*** Element info: {Using=xpath, value=a[contains(text(),&amp;apos;Satya Nayak&amp;apos;)]//parent::td[@class=&amp;apos;mW100 scrollColun lv_data_textfield&amp;apos;]//preceding-sibling::td[@class=&amp;apos;lvCB fixedColumnLV LVSecondCol&amp;apos;]//label//span[@class=&amp;apos;customCheckBox&amp;apos;]}">
      <![CDATA[org.openqa.selenium.NoSuchElementException: no such element: Unable to locate element: {"method":"xpath","selector":"a[contains(text(),'Satya Nayak')]//parent::td[@class='mW100 scrollColun lv_data_textfield']//preceding-sibling::td[@class='lvCB fixedColumnLV LVSecondCol']//label//span[@class='customCheckBox']"}
  (Session info: chrome=64.0.3282.167)
  (Driver info: chromedriver=2.35.528157 (4429ca2590d6988c0745c24c8858745aaaec01ef),platform=Mac OS X 10.13.3 x86_64) (WARNING: The server did not provide any stacktrace information)
Command duration or timeout: 0 milliseconds
For documentation on this error, please visit: http://seleniumhq.org/exceptions/no_such_element.html
Build info: version: '3.5.3', revision: 'a88d25fe6b', time: '2017-08-29T12:42:44.417Z'
System info: host: 'Prabeshs-MacBook-Air.local', ip: 'fe80:0:0:0:476:4b46:bd51:28ba%en0', os.name: 'Mac OS X', os.arch: 'x86_64', os.version: '10.13.3', java.version: '1.8.0_144'
Driver info: org.openqa.selenium.chrome.ChromeDriver
Capabilities [{mobileEmulationEnabled=false, hasTouchScreen=false, platform=MAC, acceptSslCerts=false, acceptInsecureCerts=false, webStorageEnabled=true, browserName=chrome, takesScreenshot=true, javascriptEnabled=true, platformName=MAC, setWindowRect=true, unexpectedAlertBehaviour=, applicationCacheEnabled=false, rotatable=false, networkConnectionEnabled=false, chrome={chromedriverVersion=2.35.528157 (4429ca2590d6988c0745c24c8858745aaaec01ef), userDataDir=/var/folders/ts/rxtkbq514d73zd8w1hpkp8cm0000gn/T/.org.chromium.Chromium.oGNQrW}, takesHeapSnapshot=true, pageLoadStrategy=normal, unhandledPromptBehavior=, databaseEnabled=false, handlesAlerts=true, version=64.0.3282.167, browserConnectionEnabled=false, nativeEvents=true, locationContextEnabled=true, cssSelectorsEnabled=true}]
Session ID: 922174c1967e034cf9ae5ee7665bbd46
*** Element info: {Using=xpath, value=a[contains(text(),'Satya Nayak')]//parent::td[@class='mW100 scrollColun lv_data_textfield']//preceding-sibling::td[@class='lvCB fixedColumnLV LVSecondCol']//label//span[@class='customCheckBox']}
	at org.openqa.selenium.remote.ErrorHandler.createThrowable(ErrorHandler.java:215)
	at org.openqa.selenium.remote.ErrorHandler.throwIfResponseFailed(ErrorHandler.java:167)
	at org.openqa.selenium.remote.http.JsonHttpResponseCodec.reconstructValue(JsonHttpResponseCodec.java:40)
	at org.openqa.selenium.remote.http.AbstractHttpResponseCodec.decode(AbstractHttpResponseCodec.java:82)
	at org.openqa.selenium.remote.http.AbstractHttpResponseCodec.decode(AbstractHttpResponseCodec.java:45)
	at org.openqa.selenium.remote.HttpCommandExecutor.execute(HttpCommandExecutor.java:164)
	at org.openqa.selenium.remote.service.DriverCommandExecutor.execute(DriverCommandExecutor.java:82)
	at org.openqa.selenium.remote.RemoteWebDriver.execute(RemoteWebDriver.java:646)
	at org.openqa.selenium.remote.RemoteWebDriver.findElement(RemoteWebDriver.java:416)
	at org.openqa.selenium.remote.RemoteWebDriver.findElementByXPath(RemoteWebDriver.java:518)
	at org.openqa.selenium.By$ByXPath.findElement(By.java:361)
	at org.openqa.selenium.remote.RemoteWebDriver.findElement(RemoteWebDriver.java:408)
	at com.zoho.qa.pages.LeadsPage.selectLeadByName(LeadsPage.java:27)
	at com.zoho.qa.testcases.LeadsPageTest.selectSingleLeadNameTest(LeadsPageTest.java:43)
... Removed 29 stack frames]]>
    </failure>
  </testcase> <!-- selectSingleLeadNameTest -->
  <testcase name="login" time="0.619" classname="com.zoho.qa.testcases.LoginPageTest"/>
  <testcase name="verifyLeadsLinkTest" time="21.053" classname="com.zoho.qa.testcases.HomePageTest"/>
  <testcase name="selectMultipleLeadNameTest" time="32.062" classname="com.zoho.qa.testcases.LeadsPageTest">
    <failure type="org.openqa.selenium.NoSuchElementException" message="no such element: Unable to locate element: {&amp;quot;method&amp;quot;:&amp;quot;xpath&amp;quot;,&amp;quot;selector&amp;quot;:&amp;quot;a[contains(text(),&amp;apos;Satya Nayak&amp;apos;)]//parent::td[@class=&amp;apos;mW100 scrollColun lv_data_textfield&amp;apos;]//preceding-sibling::td[@class=&amp;apos;lvCB fixedColumnLV LVSecondCol&amp;apos;]//label//span[@class=&amp;apos;customCheckBox&amp;apos;]&amp;quot;}
  (Session info: chrome=64.0.3282.167)
  (Driver info: chromedriver=2.35.528157 (4429ca2590d6988c0745c24c8858745aaaec01ef),platform=Mac OS X 10.13.3 x86_64) (WARNING: The server did not provide any stacktrace information)
Command duration or timeout: 0 milliseconds
For documentation on this error, please visit: http://seleniumhq.org/exceptions/no_such_element.html
Build info: version: &amp;apos;3.5.3&amp;apos;, revision: &amp;apos;a88d25fe6b&amp;apos;, time: &amp;apos;2017-08-29T12:42:44.417Z&amp;apos;
System info: host: &amp;apos;Prabeshs-MacBook-Air.local&amp;apos;, ip: &amp;apos;fe80:0:0:0:476:4b46:bd51:28ba%en0&amp;apos;, os.name: &amp;apos;Mac OS X&amp;apos;, os.arch: &amp;apos;x86_64&amp;apos;, os.version: &amp;apos;10.13.3&amp;apos;, java.version: &amp;apos;1.8.0_144&amp;apos;
Driver info: org.openqa.selenium.chrome.ChromeDriver
Capabilities [{mobileEmulationEnabled=false, hasTouchScreen=false, platform=MAC, acceptSslCerts=false, acceptInsecureCerts=false, webStorageEnabled=true, browserName=chrome, takesScreenshot=true, javascriptEnabled=true, platformName=MAC, setWindowRect=true, unexpectedAlertBehaviour=, applicationCacheEnabled=false, rotatable=false, networkConnectionEnabled=false, chrome={chromedriverVersion=2.35.528157 (4429ca2590d6988c0745c24c8858745aaaec01ef), userDataDir=/var/folders/ts/rxtkbq514d73zd8w1hpkp8cm0000gn/T/.org.chromium.Chromium.AmQCo6}, takesHeapSnapshot=true, pageLoadStrategy=normal, unhandledPromptBehavior=, databaseEnabled=false, handlesAlerts=true, version=64.0.3282.167, browserConnectionEnabled=false, nativeEvents=true, locationContextEnabled=true, cssSelectorsEnabled=true}]
Session ID: 3476fbe6f122c6652bd3c51d5ccb1cea
*** Element info: {Using=xpath, value=a[contains(text(),&amp;apos;Satya Nayak&amp;apos;)]//parent::td[@class=&amp;apos;mW100 scrollColun lv_data_textfield&amp;apos;]//preceding-sibling::td[@class=&amp;apos;lvCB fixedColumnLV LVSecondCol&amp;apos;]//label//span[@class=&amp;apos;customCheckBox&amp;apos;]}">
      <![CDATA[org.openqa.selenium.NoSuchElementException: no such element: Unable to locate element: {"method":"xpath","selector":"a[contains(text(),'Satya Nayak')]//parent::td[@class='mW100 scrollColun lv_data_textfield']//preceding-sibling::td[@class='lvCB fixedColumnLV LVSecondCol']//label//span[@class='customCheckBox']"}
  (Session info: chrome=64.0.3282.167)
  (Driver info: chromedriver=2.35.528157 (4429ca2590d6988c0745c24c8858745aaaec01ef),platform=Mac OS X 10.13.3 x86_64) (WARNING: The server did not provide any stacktrace information)
Command duration or timeout: 0 milliseconds
For documentation on this error, please visit: http://seleniumhq.org/exceptions/no_such_element.html
Build info: version: '3.5.3', revision: 'a88d25fe6b', time: '2017-08-29T12:42:44.417Z'
System info: host: 'Prabeshs-MacBook-Air.local', ip: 'fe80:0:0:0:476:4b46:bd51:28ba%en0', os.name: 'Mac OS X', os.arch: 'x86_64', os.version: '10.13.3', java.version: '1.8.0_144'
Driver info: org.openqa.selenium.chrome.ChromeDriver
Capabilities [{mobileEmulationEnabled=false, hasTouchScreen=false, platform=MAC, acceptSslCerts=false, acceptInsecureCerts=false, webStorageEnabled=true, browserName=chrome, takesScreenshot=true, javascriptEnabled=true, platformName=MAC, setWindowRect=true, unexpectedAlertBehaviour=, applicationCacheEnabled=false, rotatable=false, networkConnectionEnabled=false, chrome={chromedriverVersion=2.35.528157 (4429ca2590d6988c0745c24c8858745aaaec01ef), userDataDir=/var/folders/ts/rxtkbq514d73zd8w1hpkp8cm0000gn/T/.org.chromium.Chromium.AmQCo6}, takesHeapSnapshot=true, pageLoadStrategy=normal, unhandledPromptBehavior=, databaseEnabled=false, handlesAlerts=true, version=64.0.3282.167, browserConnectionEnabled=false, nativeEvents=true, locationContextEnabled=true, cssSelectorsEnabled=true}]
Session ID: 3476fbe6f122c6652bd3c51d5ccb1cea
*** Element info: {Using=xpath, value=a[contains(text(),'Satya Nayak')]//parent::td[@class='mW100 scrollColun lv_data_textfield']//preceding-sibling::td[@class='lvCB fixedColumnLV LVSecondCol']//label//span[@class='customCheckBox']}
	at org.openqa.selenium.remote.ErrorHandler.createThrowable(ErrorHandler.java:215)
	at org.openqa.selenium.remote.ErrorHandler.throwIfResponseFailed(ErrorHandler.java:167)
	at org.openqa.selenium.remote.http.JsonHttpResponseCodec.reconstructValue(JsonHttpResponseCodec.java:40)
	at org.openqa.selenium.remote.http.AbstractHttpResponseCodec.decode(AbstractHttpResponseCodec.java:82)
	at org.openqa.selenium.remote.http.AbstractHttpResponseCodec.decode(AbstractHttpResponseCodec.java:45)
	at org.openqa.selenium.remote.HttpCommandExecutor.execute(HttpCommandExecutor.java:164)
	at org.openqa.selenium.remote.service.DriverCommandExecutor.execute(DriverCommandExecutor.java:82)
	at org.openqa.selenium.remote.RemoteWebDriver.execute(RemoteWebDriver.java:646)
	at org.openqa.selenium.remote.RemoteWebDriver.findElement(RemoteWebDriver.java:416)
	at org.openqa.selenium.remote.RemoteWebDriver.findElementByXPath(RemoteWebDriver.java:518)
	at org.openqa.selenium.By$ByXPath.findElement(By.java:361)
	at org.openqa.selenium.remote.RemoteWebDriver.findElement(RemoteWebDriver.java:408)
	at com.zoho.qa.pages.LeadsPage.selectLeadByName(LeadsPage.java:27)
	at com.zoho.qa.testcases.LeadsPageTest.selectMultipleLeadNameTest(LeadsPageTest.java:49)
... Removed 29 stack frames]]>
    </failure>
  </testcase> <!-- selectMultipleLeadNameTest -->
</testsuite> <!-- ZOHO CRM App Test Cases -->
